Arguments: 
  /data/data/com.termux/files/usr/bin/node /data/data/com.termux/files/usr/share/yarn/bin/yarn.js

PATH: 
  /data/data/com.termux/files/usr/bin

Yarn version: 
  1.22.19

Node version: 
  21.6.2

Platform: 
  android arm64

Trace: 
  Error: EACCES: permission denied, symlink '../pino/bin.js' -> '/storage/emulated/0/leci/node_modules/@whiskeysockets/baileys/node_modules/.bin/pino'

npm manifest: 
  {
    "name": "cpndv2.5",
    "version": "0.0.0",
    "description": "Leccy Official",
    "main": "main.js",
    "type": "commonjs",
    "directories": {
      "lib": "lib",
      "temp": "temp",
      "session": "session"
    },
    "scripts": {
      "start": "node main.js"
    },
    "author": "LeccyOFC",
    "license": "MIT",
    "dependencies": {
      "@adiwajshing/keyed-db": "^0.2.4",
      "@whiskeysockets/baileys": "latest",
      "axios": "^1.4.0",
      "chalk": "^4.1.2",
      "cheerio":"^1.0.0-rc.12",
      "cloudscraper": "^4.6.0",
      "main.js": "^0.0.1",
      "node-cache": "^5.1.2",
      "node-fetch": "2.6.1",
      "readline": "^1.3.0",
      "request": "^2.88.2",
      "parse-ms": "^2.1.0",
      "pino": "^8.14.1",
      "util": "^0.12.4",
      "randomstring": "^1.3.0",
      "vm": "^0.1.0"
    }
  }

yarn manifest: 
  No manifest

Lockfile: 
  No lockfile
